<?xml version="1.0" encoding="UTF-8"?>
<!-- Generated by org.testng.reporters.JUnitXMLReporter -->
<testsuite ignored="2" hostname="DESKTOP-D5S1K0J" failures="0" tests="1" name="Default test" time="1.406" errors="0" timestamp="2022-12-02T13:38:44 CET">
  <testcase classname="com.solera.forum.PostTest" name="getPostByThreadAndNameAndThreadAndNameDoesNotExist" time="0.979"/>
  <testcase classname="com.solera.forum.PostTest" name="getAllPost" time="0.0">
    <ignored/>
  </testcase> <!-- getAllPost -->
  <testcase classname="com.solera.forum.PostTest" name="getPostByThreadAndNameAndThreadAndNameExist" time="0.0">
    <ignored/>
  </testcase> <!-- getPostByThreadAndNameAndThreadAndNameExist -->
</testsuite> <!-- Default test -->
