<?xml version="1.0" encoding="UTF-8"?>
<!-- Generated by org.testng.reporters.JUnitXMLReporter -->
<testsuite ignored="2" hostname="DESKTOP-D5S1K0J" failures="0" tests="1" name="Default test" time="6.366" errors="0" timestamp="2022-12-02T16:59:44 CET">
  <testcase classname="com.solera.forum.selenium.SeleniumTest" name="sendPostWorks" time="6.284"/>
  <testcase classname="com.solera.forum.selenium.SeleniumTest" name="homePageRepeatedPost" time="0.0">
    <ignored/>
  </testcase> <!-- homePageRepeatedPost -->
  <testcase classname="com.solera.forum.selenium.SeleniumTest" name="homePageWorks" time="0.0">
    <ignored/>
  </testcase> <!-- homePageWorks -->
</testsuite> <!-- Default test -->
