<?xml version="1.0" encoding="UTF-8"?>
<testng-results ignored="0" total="1" passed="1" failed="0" skipped="0">
  <reporter-output>
  </reporter-output>
  <suite started-at="2022-12-02T10:55:52 CET" name="Default suite" finished-at="2022-12-02T10:55:52 CET" duration-ms="53">
    <groups>
    </groups>
    <test started-at="2022-12-02T10:55:52 CET" name="Default test" finished-at="2022-12-02T10:55:52 CET" duration-ms="53">
      <class name="com.solera.forum.NewTest">
        <test-method signature="f()[pri:0, instance:com.solera.forum.NewTest@4b8d604b]" started-at="2022-12-02T10:55:52 CET" name="f" finished-at="2022-12-02T10:55:52 CET" duration-ms="15" status="PASS">
          <reporter-output>
          </reporter-output>
        </test-method> <!-- f -->
      </class> <!-- com.solera.forum.NewTest -->
    </test> <!-- Default test -->
  </suite> <!-- Default suite -->
</testng-results>
